<?xml version="1.0" encoding="UTF-8"?>
<!-- Generated by org.testng.reporters.JUnitReportReporter -->
<testsuite skipped="0" hostname="Vivek-Tiwari1" name="Com.NYT.TestCases.ToVerifyVerticalScroll" tests="1" failures="0" timestamp="11 Jun 2019 15:00:30 GMT" time="95.499" errors="0">
  <testcase name="ScrollTest" time="95.499" classname="Com.NYT.TestCases.ToVerifyVerticalScroll"/>
</testsuite> <!-- Com.NYT.TestCases.ToVerifyVerticalScroll -->
