<?xml version="1.0" encoding="UTF-8"?>
<!-- Generated by org.testng.reporters.JUnitReportReporter -->
<testsuite skipped="0" hostname="Vivek-Tiwari1" name="Com.NYT.TestCases.toVerifyArticleSwipe" tests="1" failures="0" timestamp="11 Jun 2019 17:30:13 GMT" time="15.233" errors="0">
  <testcase name="verifyArticleSwipe" time="15.233" classname="Com.NYT.TestCases.toVerifyArticleSwipe"/>
</testsuite> <!-- Com.NYT.TestCases.toVerifyArticleSwipe -->
