<?xml version="1.0" encoding="UTF-8"?>
<!-- Generated by org.testng.reporters.JUnitReportReporter -->
<testsuite skipped="0" hostname="Vivek-Tiwari1" name="Com.NYT.TestCases.toCheckVideoPlay" tests="1" failures="0" timestamp="07 Jun 2019 14:48:20 GMT" time="28.777" errors="0">
  <testcase name="checkVideoPlay" time="28.777" classname="Com.NYT.TestCases.toCheckVideoPlay"/>
</testsuite> <!-- Com.NYT.TestCases.toCheckVideoPlay -->
