<?xml version="1.0" encoding="UTF-8"?>
<!-- Generated by org.testng.reporters.JUnitReportReporter -->
<testsuite skipped="0" hostname="Vivek-Tiwari1" name="Com.NYT.TestCases.toVerifySeekBar" tests="1" failures="0" timestamp="11 Jun 2019 09:19:23 GMT" time="52.063" errors="0">
  <testcase name="SeekbarTest" time="52.063" classname="Com.NYT.TestCases.toVerifySeekBar"/>
</testsuite> <!-- Com.NYT.TestCases.toVerifySeekBar -->
