<?xml version="1.0" encoding="UTF-8"?>
<!-- Generated by org.testng.reporters.JUnitReportReporter -->
<testsuite skipped="0" hostname="Vivek-Tiwari1" name="Com.NYT.TestCases.toVerifySectionListScrolling" tests="1" failures="0" timestamp="24 May 2019 08:24:29 GMT" time="7.529" errors="0">
  <testcase name="ToVerifySectionListScroll" time="7.529" classname="Com.NYT.TestCases.toVerifySectionListScrolling"/>
</testsuite> <!-- Com.NYT.TestCases.toVerifySectionListScrolling -->
