<?xml version="1.0" encoding="UTF-8"?>
<!-- Generated by org.testng.reporters.JUnitReportReporter -->
<testsuite skipped="0" hostname="Vivek-Tiwari1" name="Com.NYT.BasePackage.BasePackage" tests="1" failures="0" timestamp="17 Jan 2019 11:20:00 GMT" time="97.272" errors="0">
  <testcase name="Appinvoke" time="97.272" classname="Com.NYT.BasePackage.BasePackage"/>
</testsuite> <!-- Com.NYT.BasePackage.BasePackage -->
