<?xml version="1.0" encoding="UTF-8"?>
<!-- Generated by org.testng.reporters.JUnitReportReporter -->
<testsuite skipped="0" hostname="Vivek-Tiwari1" name="Com.NYT.TestCases.ToVerifySettingOption" tests="1" failures="0" timestamp="11 Jun 2019 11:25:27 GMT" time="70.195" errors="0">
  <testcase name="toCheckSettingItemPart" time="70.195" classname="Com.NYT.TestCases.ToVerifySettingOption"/>
</testsuite> <!-- Com.NYT.TestCases.ToVerifySettingOption -->
