<?xml version="1.0" encoding="UTF-8"?>
<!-- Generated by org.testng.reporters.JUnitReportReporter -->
<testsuite skipped="0" hostname="Vivek-Tiwari1" name="Com.NYT.TestCases.ToVerifyHorizontalSwipe" tests="1" failures="0" timestamp="11 Jun 2019 17:09:41 GMT" time="46.579" errors="0">
  <testcase name="SwipeTest" time="46.579" classname="Com.NYT.TestCases.ToVerifyHorizontalSwipe"/>
</testsuite> <!-- Com.NYT.TestCases.ToVerifyHorizontalSwipe -->
