<?xml version="1.0" encoding="UTF-8"?>
<!-- Generated by org.testng.reporters.JUnitReportReporter -->
<testsuite skipped="0" hostname="Vivek-Tiwari1" name="Com.NYT.TestCases.toCheckSectionList" tests="1" failures="0" timestamp="06 Jun 2019 13:19:48 GMT" time="19.524" errors="0">
  <testcase name="VerifySectionList" time="19.524" classname="Com.NYT.TestCases.toCheckSectionList"/>
</testsuite> <!-- Com.NYT.TestCases.toCheckSectionList -->
