<?xml version="1.0" encoding="UTF-8"?>
<!-- Generated by org.testng.reporters.JUnitReportReporter -->
<testsuite skipped="0" hostname="Vivek-Tiwari1" name="Com.NYT.TestCases.toVerifyLogin" tests="2" failures="0" timestamp="11 Jun 2019 15:00:30 GMT" time="72.819" errors="0">
  <testcase name="LoginviaSettingOption" time="40.943" classname="Com.NYT.TestCases.toVerifyLogin"/>
  <testcase name="loginSectionList" time="31.876" classname="Com.NYT.TestCases.toVerifyLogin"/>
</testsuite> <!-- Com.NYT.TestCases.toVerifyLogin -->
